<?xml version="1.0" encoding="UTF-8"?>
<!-- Generated by org.testng.reporters.JUnitXMLReporter -->
<testsuite ignored="0" hostname="DESKTOP-S01GLMS" failures="0" tests="9" name="Default test" time="73.322" errors="0" timestamp="2024-08-13T20:39:49 IST">
  <testcase classname="prabhash.testsClass.ECommerceTest" name="signUpTest" time="8.005"/>
  <testcase classname="prabhash.testsClass.ECommerceTest" name="navigateToEmaniBrand" time="4.734"/>
  <testcase classname="prabhash.testsClass.ECommerceTest" name="productListTest" time="5.93"/>
  <testcase classname="prabhash.testsClass.ECommerceTest" name="productDetailsPageTest" time="12.848"/>
  <testcase classname="prabhash.testsClass.ECommerceTest" name="cartPageTest" time="1.513"/>
  <testcase classname="prabhash.testsClass.ECommerceTest" name="checkoutTest" time="5.851"/>
  <testcase classname="prabhash.testsClass.ECommerceTest" name="paymentPageTest" time="21.76"/>
  <testcase classname="prabhash.testsClass.ECommerceTest" name="placeOrderTest" time="4.537"/>
  <testcase classname="prabhash.testsClass.ECommerceTest" name="logOutProfile" time="1.282"/>
</testsuite> <!-- Default test -->
