<?xml version="1.0" encoding="UTF-8"?>
<testng-results ignored="0" total="9" passed="9" failed="0" skipped="0">
  <reporter-output>
  </reporter-output>
  <suite started-at="2024-08-13T21:10:01 IST" name="Default suite" finished-at="2024-08-13T21:11:19 IST" duration-ms="78401">
    <groups>
    </groups>
    <test started-at="2024-08-13T21:10:01 IST" name="Default test" finished-at="2024-08-13T21:11:19 IST" duration-ms="78401">
      <class name="prabhash.testsClass.ECommerceTest">
        <test-method is-config="true" signature="setupReport()[pri:0, instance:prabhash.testsClass.ECommerceTest@548d708a]" started-at="2024-08-13T21:10:01 IST" name="setupReport" finished-at="2024-08-13T21:10:01 IST" duration-ms="447" status="PASS">
          <reporter-output>
          </reporter-output>
        </test-method> <!-- setupReport -->
        <test-method is-config="true" signature="setup()[pri:0, instance:prabhash.testsClass.ECommerceTest@548d708a]" started-at="2024-08-13T21:10:01 IST" name="setup" finished-at="2024-08-13T21:10:07 IST" duration-ms="6262" status="PASS">
          <reporter-output>
          </reporter-output>
        </test-method> <!-- setup -->
        <test-method signature="signUpTest()[pri:1, instance:prabhash.testsClass.ECommerceTest@548d708a]" started-at="2024-08-13T21:10:07 IST" name="signUpTest" finished-at="2024-08-13T21:10:15 IST" duration-ms="8018" status="PASS">
          <reporter-output>
          </reporter-output>
        </test-method> <!-- signUpTest -->
        <test-method signature="navigateToEmaniBrand()[pri:2, instance:prabhash.testsClass.ECommerceTest@548d708a]" started-at="2024-08-13T21:10:15 IST" name="navigateToEmaniBrand" finished-at="2024-08-13T21:10:21 IST" duration-ms="5334" status="PASS">
          <reporter-output>
          </reporter-output>
        </test-method> <!-- navigateToEmaniBrand -->
        <test-method signature="productListTest()[pri:3, instance:prabhash.testsClass.ECommerceTest@548d708a]" started-at="2024-08-13T21:10:21 IST" name="productListTest" finished-at="2024-08-13T21:10:29 IST" duration-ms="8692" status="PASS">
          <reporter-output>
          </reporter-output>
        </test-method> <!-- productListTest -->
        <test-method signature="productDetailsPageTest()[pri:4, instance:prabhash.testsClass.ECommerceTest@548d708a]" started-at="2024-08-13T21:10:29 IST" name="productDetailsPageTest" finished-at="2024-08-13T21:10:43 IST" duration-ms="13116" status="PASS">
          <reporter-output>
          </reporter-output>
        </test-method> <!-- productDetailsPageTest -->
        <test-method signature="cartPageTest()[pri:5, instance:prabhash.testsClass.ECommerceTest@548d708a]" started-at="2024-08-13T21:10:43 IST" name="cartPageTest" finished-at="2024-08-13T21:10:44 IST" duration-ms="1147" status="PASS">
          <reporter-output>
          </reporter-output>
        </test-method> <!-- cartPageTest -->
        <test-method signature="checkoutTest()[pri:6, instance:prabhash.testsClass.ECommerceTest@548d708a]" started-at="2024-08-13T21:10:44 IST" name="checkoutTest" finished-at="2024-08-13T21:10:50 IST" duration-ms="6255" status="PASS">
          <reporter-output>
          </reporter-output>
        </test-method> <!-- checkoutTest -->
        <test-method signature="paymentPageTest()[pri:7, instance:prabhash.testsClass.ECommerceTest@548d708a]" started-at="2024-08-13T21:10:50 IST" name="paymentPageTest" finished-at="2024-08-13T21:11:11 IST" duration-ms="20693" status="PASS">
          <reporter-output>
          </reporter-output>
        </test-method> <!-- paymentPageTest -->
        <test-method signature="placeOrderTest()[pri:8, instance:prabhash.testsClass.ECommerceTest@548d708a]" started-at="2024-08-13T21:11:11 IST" name="placeOrderTest" finished-at="2024-08-13T21:11:17 IST" duration-ms="6627" status="PASS">
          <reporter-output>
          </reporter-output>
        </test-method> <!-- placeOrderTest -->
        <test-method signature="logOutProfile()[pri:9, instance:prabhash.testsClass.ECommerceTest@548d708a]" started-at="2024-08-13T21:11:17 IST" name="logOutProfile" finished-at="2024-08-13T21:11:18 IST" duration-ms="1172" status="PASS">
          <reporter-output>
          </reporter-output>
        </test-method> <!-- logOutProfile -->
        <test-method is-config="true" signature="tearDown()[pri:0, instance:prabhash.testsClass.ECommerceTest@548d708a]" started-at="2024-08-13T21:11:18 IST" name="tearDown" finished-at="2024-08-13T21:11:19 IST" duration-ms="974" status="PASS">
          <reporter-output>
          </reporter-output>
        </test-method> <!-- tearDown -->
        <test-method is-config="true" signature="tearDownReport()[pri:0, instance:prabhash.testsClass.ECommerceTest@548d708a]" started-at="2024-08-13T21:11:20 IST" name="tearDownReport" finished-at="2024-08-13T21:11:20 IST" duration-ms="452" status="PASS">
          <reporter-output>
          </reporter-output>
        </test-method> <!-- tearDownReport -->
      </class> <!-- prabhash.testsClass.ECommerceTest -->
    </test> <!-- Default test -->
  </suite> <!-- Default suite -->
</testng-results>
